Analysis & Synthesis report for final_microprocessor
Thu Dec 15 12:11:00 2022
Quartus Prime Version 20.1.1 Build 720 11/11/2020 SJ Standard Edition


---------------------
; Table of Contents ;
---------------------
  1. Legal Notice
  2. Analysis & Synthesis Summary
  3. Analysis & Synthesis Settings
  4. Parallel Compilation
  5. Analysis & Synthesis Source Files Read
  6. Analysis & Synthesis Resource Usage Summary
  7. Analysis & Synthesis Resource Utilization by Entity
  8. Analysis & Synthesis RAM Summary
  9. General Register Statistics
 10. Multiplexer Restructuring Statistics (Restructuring Performed)
 11. Source assignments for data_memory:data_mem|altsyncram:altsyncram_component|altsyncram_6vh1:auto_generated
 12. Source assignments for program_memory:prog_mem|altsyncram:altsyncram_component|altsyncram_uab1:auto_generated
 13. Parameter Settings for User Entity Instance: data_memory:data_mem|altsyncram:altsyncram_component
 14. Parameter Settings for User Entity Instance: program_memory:prog_mem|altsyncram:altsyncram_component
 15. Parameter Settings for Inferred Entity Instance: computational_unit:comp_unit|lpm_mult:Mult0
 16. altsyncram Parameter Settings by Entity Instance
 17. lpm_mult Parameter Settings by Entity Instance
 18. Post-Synthesis Netlist Statistics for Top Partition
 19. Elapsed Time Per Partition
 20. Analysis & Synthesis Messages



----------------
; Legal Notice ;
----------------
Copyright (C) 2020  Intel Corporation. All rights reserved.
Your use of Intel Corporation's design tools, logic functions 
and other software and tools, and any partner logic 
functions, and any output files from any of the foregoing 
(including device programming or simulation files), and any 
associated documentation or information are expressly subject 
to the terms and conditions of the Intel Program License 
Subscription Agreement, the Intel Quartus Prime License Agreement,
the Intel FPGA IP License Agreement, or other applicable license
agreement, including, without limitation, that your use is for
the sole purpose of programming logic devices manufactured by
Intel and sold by Intel or its authorized distributors.  Please
refer to the applicable agreement for further details, at
https://fpgasoftware.intel.com/eula.



+--------------------------------------------------------------------------------------+
; Analysis & Synthesis Summary                                                         ;
+------------------------------------+-------------------------------------------------+
; Analysis & Synthesis Status        ; Successful - Thu Dec 15 12:11:00 2022           ;
; Quartus Prime Version              ; 20.1.1 Build 720 11/11/2020 SJ Standard Edition ;
; Revision Name                      ; final_microprocessor                            ;
; Top-level Entity Name              ; final_microprocessor                            ;
; Family                             ; Cyclone IV E                                    ;
; Total logic elements               ; 237                                             ;
;     Total combinational functions  ; 208                                             ;
;     Dedicated logic registers      ; 62                                              ;
; Total registers                    ; 62                                              ;
; Total pins                         ; 128                                             ;
; Total virtual pins                 ; 0                                               ;
; Total memory bits                  ; 2,112                                           ;
; Embedded Multiplier 9-bit elements ; 0                                               ;
; Total PLLs                         ; 0                                               ;
+------------------------------------+-------------------------------------------------+


+----------------------------------------------------------------------------------------------------------------+
; Analysis & Synthesis Settings                                                                                  ;
+------------------------------------------------------------------+----------------------+----------------------+
; Option                                                           ; Setting              ; Default Value        ;
+------------------------------------------------------------------+----------------------+----------------------+
; Device                                                           ; EP4CE115F29C7        ;                      ;
; Top-level entity name                                            ; final_microprocessor ; final_microprocessor ;
; Family name                                                      ; Cyclone IV E         ; Cyclone V            ;
; Use smart compilation                                            ; Off                  ; Off                  ;
; Enable parallel Assembler and Timing Analyzer during compilation ; On                   ; On                   ;
; Enable compact report table                                      ; Off                  ; Off                  ;
; Restructure Multiplexers                                         ; Auto                 ; Auto                 ;
; Create Debugging Nodes for IP Cores                              ; Off                  ; Off                  ;
; Preserve fewer node names                                        ; On                   ; On                   ;
; Intel FPGA IP Evaluation Mode                                    ; Enable               ; Enable               ;
; Verilog Version                                                  ; Verilog_2001         ; Verilog_2001         ;
; VHDL Version                                                     ; VHDL_1993            ; VHDL_1993            ;
; State Machine Processing                                         ; Auto                 ; Auto                 ;
; Safe State Machine                                               ; Off                  ; Off                  ;
; Extract Verilog State Machines                                   ; On                   ; On                   ;
; Extract VHDL State Machines                                      ; On                   ; On                   ;
; Ignore Verilog initial constructs                                ; Off                  ; Off                  ;
; Iteration limit for constant Verilog loops                       ; 5000                 ; 5000                 ;
; Iteration limit for non-constant Verilog loops                   ; 250                  ; 250                  ;
; Add Pass-Through Logic to Inferred RAMs                          ; On                   ; On                   ;
; Infer RAMs from Raw Logic                                        ; On                   ; On                   ;
; Parallel Synthesis                                               ; On                   ; On                   ;
; DSP Block Balancing                                              ; Auto                 ; Auto                 ;
; NOT Gate Push-Back                                               ; On                   ; On                   ;
; Power-Up Don't Care                                              ; On                   ; On                   ;
; Remove Redundant Logic Cells                                     ; Off                  ; Off                  ;
; Remove Duplicate Registers                                       ; On                   ; On                   ;
; Ignore CARRY Buffers                                             ; Off                  ; Off                  ;
; Ignore CASCADE Buffers                                           ; Off                  ; Off                  ;
; Ignore GLOBAL Buffers                                            ; Off                  ; Off                  ;
; Ignore ROW GLOBAL Buffers                                        ; Off                  ; Off                  ;
; Ignore LCELL Buffers                                             ; Off                  ; Off                  ;
; Ignore SOFT Buffers                                              ; On                   ; On                   ;
; Limit AHDL Integers to 32 Bits                                   ; Off                  ; Off                  ;
; Optimization Technique                                           ; Balanced             ; Balanced             ;
; Carry Chain Length                                               ; 70                   ; 70                   ;
; Auto Carry Chains                                                ; On                   ; On                   ;
; Auto Open-Drain Pins                                             ; On                   ; On                   ;
; Perform WYSIWYG Primitive Resynthesis                            ; Off                  ; Off                  ;
; Auto ROM Replacement                                             ; On                   ; On                   ;
; Auto RAM Replacement                                             ; On                   ; On                   ;
; Auto DSP Block Replacement                                       ; On                   ; On                   ;
; Auto Shift Register Replacement                                  ; Auto                 ; Auto                 ;
; Allow Shift Register Merging across Hierarchies                  ; Auto                 ; Auto                 ;
; Auto Clock Enable Replacement                                    ; On                   ; On                   ;
; Strict RAM Replacement                                           ; Off                  ; Off                  ;
; Allow Synchronous Control Signals                                ; On                   ; On                   ;
; Force Use of Synchronous Clear Signals                           ; Off                  ; Off                  ;
; Auto RAM Block Balancing                                         ; On                   ; On                   ;
; Auto RAM to Logic Cell Conversion                                ; Off                  ; Off                  ;
; Auto Resource Sharing                                            ; Off                  ; Off                  ;
; Allow Any RAM Size For Recognition                               ; Off                  ; Off                  ;
; Allow Any ROM Size For Recognition                               ; Off                  ; Off                  ;
; Allow Any Shift Register Size For Recognition                    ; Off                  ; Off                  ;
; Use LogicLock Constraints during Resource Balancing              ; On                   ; On                   ;
; Ignore translate_off and synthesis_off directives                ; Off                  ; Off                  ;
; Timing-Driven Synthesis                                          ; On                   ; On                   ;
; Report Parameter Settings                                        ; On                   ; On                   ;
; Report Source Assignments                                        ; On                   ; On                   ;
; Report Connectivity Checks                                       ; On                   ; On                   ;
; Ignore Maximum Fan-Out Assignments                               ; Off                  ; Off                  ;
; Synchronization Register Chain Length                            ; 2                    ; 2                    ;
; Power Optimization During Synthesis                              ; Normal compilation   ; Normal compilation   ;
; HDL message level                                                ; Level2               ; Level2               ;
; Suppress Register Optimization Related Messages                  ; Off                  ; Off                  ;
; Number of Removed Registers Reported in Synthesis Report         ; 5000                 ; 5000                 ;
; Number of Swept Nodes Reported in Synthesis Report               ; 5000                 ; 5000                 ;
; Number of Inverted Registers Reported in Synthesis Report        ; 100                  ; 100                  ;
; Clock MUX Protection                                             ; On                   ; On                   ;
; Auto Gated Clock Conversion                                      ; Off                  ; Off                  ;
; Block Design Naming                                              ; Auto                 ; Auto                 ;
; SDC constraint protection                                        ; Off                  ; Off                  ;
; Synthesis Effort                                                 ; Auto                 ; Auto                 ;
; Shift Register Replacement - Allow Asynchronous Clear Signal     ; On                   ; On                   ;
; Pre-Mapping Resynthesis Optimization                             ; Off                  ; Off                  ;
; Analysis & Synthesis Message Level                               ; Medium               ; Medium               ;
; Disable Register Merging Across Hierarchies                      ; Auto                 ; Auto                 ;
; Resource Aware Inference For Block RAM                           ; On                   ; On                   ;
+------------------------------------------------------------------+----------------------+----------------------+


+------------------------------------------+
; Parallel Compilation                     ;
+----------------------------+-------------+
; Processors                 ; Number      ;
+----------------------------+-------------+
; Number detected on machine ; 16          ;
; Maximum allowed            ; 8           ;
;                            ;             ;
; Average used               ; 1.00        ;
; Maximum used               ; 8           ;
;                            ;             ;
; Usage by Processor         ; % Time Used ;
;     Processor 1            ; 100.0%      ;
;     Processors 2-8         ;   0.0%      ;
+----------------------------+-------------+


+-------------------------------------------------------------------------------------------------------------------------------------------------------------------------------------+
; Analysis & Synthesis Source Files Read                                                                                                                                              ;
+----------------------------------+-----------------+---------------------------------------+------------------------------------------------------------------------------+---------+
; File Name with User-Entered Path ; Used in Netlist ; File Type                             ; File Name with Absolute Path                                                 ; Library ;
+----------------------------------+-----------------+---------------------------------------+------------------------------------------------------------------------------+---------+
; HEX/CME341_2022_final_Q10.hex    ; yes             ; User Hexadecimal (Intel-Format) File  ; /home/shm392/engr-ece/CME341/SOULTION FINAL 22/HEX/CME341_2022_final_Q10.hex ;         ;
; program_sequencer.v              ; yes             ; User Verilog HDL File                 ; /home/shm392/engr-ece/CME341/SOULTION FINAL 22/program_sequencer.v           ;         ;
; program_memory.v                 ; yes             ; User Wizard-Generated File            ; /home/shm392/engr-ece/CME341/SOULTION FINAL 22/program_memory.v              ;         ;
; instruction_decoder.v            ; yes             ; User Verilog HDL File                 ; /home/shm392/engr-ece/CME341/SOULTION FINAL 22/instruction_decoder.v         ;         ;
; final_microprocessor.v           ; yes             ; User Verilog HDL File                 ; /home/shm392/engr-ece/CME341/SOULTION FINAL 22/final_microprocessor.v        ;         ;
; data_memory.v                    ; yes             ; User Wizard-Generated File            ; /home/shm392/engr-ece/CME341/SOULTION FINAL 22/data_memory.v                 ;         ;
; computational_unit.v             ; yes             ; User Verilog HDL File                 ; /home/shm392/engr-ece/CME341/SOULTION FINAL 22/computational_unit.v          ;         ;
; altsyncram.tdf                   ; yes             ; Megafunction                          ; /opt/intelFPGA/20.1.1/quartus/libraries/megafunctions/altsyncram.tdf         ;         ;
; stratix_ram_block.inc            ; yes             ; Megafunction                          ; /opt/intelFPGA/20.1.1/quartus/libraries/megafunctions/stratix_ram_block.inc  ;         ;
; lpm_mux.inc                      ; yes             ; Megafunction                          ; /opt/intelFPGA/20.1.1/quartus/libraries/megafunctions/lpm_mux.inc            ;         ;
; lpm_decode.inc                   ; yes             ; Megafunction                          ; /opt/intelFPGA/20.1.1/quartus/libraries/megafunctions/lpm_decode.inc         ;         ;
; aglobal201.inc                   ; yes             ; Megafunction                          ; /opt/intelFPGA/20.1.1/quartus/libraries/megafunctions/aglobal201.inc         ;         ;
; a_rdenreg.inc                    ; yes             ; Megafunction                          ; /opt/intelFPGA/20.1.1/quartus/libraries/megafunctions/a_rdenreg.inc          ;         ;
; altrom.inc                       ; yes             ; Megafunction                          ; /opt/intelFPGA/20.1.1/quartus/libraries/megafunctions/altrom.inc             ;         ;
; altram.inc                       ; yes             ; Megafunction                          ; /opt/intelFPGA/20.1.1/quartus/libraries/megafunctions/altram.inc             ;         ;
; altdpram.inc                     ; yes             ; Megafunction                          ; /opt/intelFPGA/20.1.1/quartus/libraries/megafunctions/altdpram.inc           ;         ;
; db/altsyncram_6vh1.tdf           ; yes             ; Auto-Generated Megafunction           ; /home/shm392/engr-ece/CME341/SOULTION FINAL 22/db/altsyncram_6vh1.tdf        ;         ;
; db/altsyncram_uab1.tdf           ; yes             ; Auto-Generated Megafunction           ; /home/shm392/engr-ece/CME341/SOULTION FINAL 22/db/altsyncram_uab1.tdf        ;         ;
; lpm_mult.tdf                     ; yes             ; Megafunction                          ; /opt/intelFPGA/20.1.1/quartus/libraries/megafunctions/lpm_mult.tdf           ;         ;
; lpm_add_sub.inc                  ; yes             ; Megafunction                          ; /opt/intelFPGA/20.1.1/quartus/libraries/megafunctions/lpm_add_sub.inc        ;         ;
; multcore.inc                     ; yes             ; Megafunction                          ; /opt/intelFPGA/20.1.1/quartus/libraries/megafunctions/multcore.inc           ;         ;
; bypassff.inc                     ; yes             ; Megafunction                          ; /opt/intelFPGA/20.1.1/quartus/libraries/megafunctions/bypassff.inc           ;         ;
; altshift.inc                     ; yes             ; Megafunction                          ; /opt/intelFPGA/20.1.1/quartus/libraries/megafunctions/altshift.inc           ;         ;
; db/mult_j8t.tdf                  ; yes             ; Auto-Generated Megafunction           ; /home/shm392/engr-ece/CME341/SOULTION FINAL 22/db/mult_j8t.tdf               ;         ;
+----------------------------------+-----------------+---------------------------------------+------------------------------------------------------------------------------+---------+


+---------------------------------------------------------+
; Analysis & Synthesis Resource Usage Summary             ;
+---------------------------------------------+-----------+
; Resource                                    ; Usage     ;
+---------------------------------------------+-----------+
; Estimated Total logic elements              ; 237       ;
;                                             ;           ;
; Total combinational functions               ; 208       ;
; Logic element usage by number of LUT inputs ;           ;
;     -- 4 input functions                    ; 122       ;
;     -- 3 input functions                    ; 43        ;
;     -- <=2 input functions                  ; 43        ;
;                                             ;           ;
; Logic elements by mode                      ;           ;
;     -- normal mode                          ; 177       ;
;     -- arithmetic mode                      ; 31        ;
;                                             ;           ;
; Total registers                             ; 62        ;
;     -- Dedicated logic registers            ; 62        ;
;     -- I/O registers                        ; 0         ;
;                                             ;           ;
; I/O pins                                    ; 128       ;
; Total memory bits                           ; 2112      ;
;                                             ;           ;
; Embedded Multiplier 9-bit elements          ; 0         ;
;                                             ;           ;
; Maximum fan-out node                        ; clk~input ;
; Maximum fan-out                             ; 74        ;
; Total fan-out                               ; 1207      ;
; Average fan-out                             ; 2.24      ;
+---------------------------------------------+-----------+


+---------------------------------------------------------------------------------------------------------------------------------------------------------------------------------------------------------------------------------------------------------------------------------------------------------------------------+
; Analysis & Synthesis Resource Utilization by Entity                                                                                                                                                                                                                                                                       ;
+-------------------------------------------+---------------------+---------------------------+-------------+--------------+---------+-----------+------+--------------+--------------------------------------------------------------------------------------------------------------+----------------------+--------------+
; Compilation Hierarchy Node                ; Combinational ALUTs ; Dedicated Logic Registers ; Memory Bits ; DSP Elements ; DSP 9x9 ; DSP 18x18 ; Pins ; Virtual Pins ; Full Hierarchy Name                                                                                          ; Entity Name          ; Library Name ;
+-------------------------------------------+---------------------+---------------------------+-------------+--------------+---------+-----------+------+--------------+--------------------------------------------------------------------------------------------------------------+----------------------+--------------+
; |final_microprocessor                     ; 208 (0)             ; 62 (1)                    ; 2112        ; 0            ; 0       ; 0         ; 128  ; 0            ; |final_microprocessor                                                                                        ; final_microprocessor ; work         ;
;    |computational_unit:comp_unit|         ; 117 (86)            ; 33 (33)                   ; 0           ; 0            ; 0       ; 0         ; 0    ; 0            ; |final_microprocessor|computational_unit:comp_unit                                                           ; computational_unit   ; work         ;
;       |lpm_mult:Mult0|                    ; 31 (0)              ; 0 (0)                     ; 0           ; 0            ; 0       ; 0         ; 0    ; 0            ; |final_microprocessor|computational_unit:comp_unit|lpm_mult:Mult0                                            ; lpm_mult             ; work         ;
;          |mult_j8t:auto_generated|        ; 31 (31)             ; 0 (0)                     ; 0           ; 0            ; 0       ; 0         ; 0    ; 0            ; |final_microprocessor|computational_unit:comp_unit|lpm_mult:Mult0|mult_j8t:auto_generated                    ; mult_j8t             ; work         ;
;    |data_memory:data_mem|                 ; 0 (0)               ; 0 (0)                     ; 64          ; 0            ; 0       ; 0         ; 0    ; 0            ; |final_microprocessor|data_memory:data_mem                                                                   ; data_memory          ; work         ;
;       |altsyncram:altsyncram_component|   ; 0 (0)               ; 0 (0)                     ; 64          ; 0            ; 0       ; 0         ; 0    ; 0            ; |final_microprocessor|data_memory:data_mem|altsyncram:altsyncram_component                                   ; altsyncram           ; work         ;
;          |altsyncram_6vh1:auto_generated| ; 0 (0)               ; 0 (0)                     ; 64          ; 0            ; 0       ; 0         ; 0    ; 0            ; |final_microprocessor|data_memory:data_mem|altsyncram:altsyncram_component|altsyncram_6vh1:auto_generated    ; altsyncram_6vh1      ; work         ;
;    |instruction_decoder:intr_decoder|     ; 42 (42)             ; 8 (8)                     ; 0           ; 0            ; 0       ; 0         ; 0    ; 0            ; |final_microprocessor|instruction_decoder:intr_decoder                                                       ; instruction_decoder  ; work         ;
;    |program_memory:prog_mem|              ; 0 (0)               ; 0 (0)                     ; 2048        ; 0            ; 0       ; 0         ; 0    ; 0            ; |final_microprocessor|program_memory:prog_mem                                                                ; program_memory       ; work         ;
;       |altsyncram:altsyncram_component|   ; 0 (0)               ; 0 (0)                     ; 2048        ; 0            ; 0       ; 0         ; 0    ; 0            ; |final_microprocessor|program_memory:prog_mem|altsyncram:altsyncram_component                                ; altsyncram           ; work         ;
;          |altsyncram_uab1:auto_generated| ; 0 (0)               ; 0 (0)                     ; 2048        ; 0            ; 0       ; 0         ; 0    ; 0            ; |final_microprocessor|program_memory:prog_mem|altsyncram:altsyncram_component|altsyncram_uab1:auto_generated ; altsyncram_uab1      ; work         ;
;    |program_sequencer:prog_sequencer|     ; 49 (49)             ; 20 (20)                   ; 0           ; 0            ; 0       ; 0         ; 0    ; 0            ; |final_microprocessor|program_sequencer:prog_sequencer                                                       ; program_sequencer    ; work         ;
+-------------------------------------------+---------------------+---------------------------+-------------+--------------+---------+-----------+------+--------------+--------------------------------------------------------------------------------------------------------------+----------------------+--------------+
Note: For table entries with two numbers listed, the numbers in parentheses indicate the number of resources of the given type used by the specific entity alone. The numbers listed outside of parentheses indicate the total resources of the given type used by the specific entity and all of its sub-entities in the hierarchy.


+---------------------------------------------------------------------------------------------------------------------------------------------------------------------------------------------------------------------------+
; Analysis & Synthesis RAM Summary                                                                                                                                                                                          ;
+---------------------------------------------------------------------------------------------------+------+-------------+--------------+--------------+--------------+--------------+------+-------------------------------+
; Name                                                                                              ; Type ; Mode        ; Port A Depth ; Port A Width ; Port B Depth ; Port B Width ; Size ; MIF                           ;
+---------------------------------------------------------------------------------------------------+------+-------------+--------------+--------------+--------------+--------------+------+-------------------------------+
; data_memory:data_mem|altsyncram:altsyncram_component|altsyncram_6vh1:auto_generated|ALTSYNCRAM    ; M9K  ; Single Port ; 16           ; 4            ; --           ; --           ; 64   ; None                          ;
; program_memory:prog_mem|altsyncram:altsyncram_component|altsyncram_uab1:auto_generated|ALTSYNCRAM ; AUTO ; ROM         ; 256          ; 8            ; --           ; --           ; 2048 ; HEX/CME341_2022_final_Q10.hex ;
+---------------------------------------------------------------------------------------------------+------+-------------+--------------+--------------+--------------+--------------+------+-------------------------------+


+------------------------------------------------------+
; General Register Statistics                          ;
+----------------------------------------------+-------+
; Statistic                                    ; Value ;
+----------------------------------------------+-------+
; Total registers                              ; 62    ;
; Number of registers using Synchronous Clear  ; 3     ;
; Number of registers using Synchronous Load   ; 5     ;
; Number of registers using Asynchronous Clear ; 0     ;
; Number of registers using Asynchronous Load  ; 0     ;
; Number of registers using Clock Enable       ; 43    ;
; Number of registers using Preset             ; 0     ;
+----------------------------------------------+-------+


+---------------------------------------------------------------------------------------------------------------------------------------------------------------------------------------------+
; Multiplexer Restructuring Statistics (Restructuring Performed)                                                                                                                              ;
+--------------------+-----------+---------------+----------------------+------------------------+------------+-------------------------------------------------------------------------------+
; Multiplexer Inputs ; Bus Width ; Baseline Area ; Area if Restructured ; Saving if Restructured ; Registered ; Example Multiplexer Output                                                    ;
+--------------------+-----------+---------------+----------------------+------------------------+------------+-------------------------------------------------------------------------------+
; 3:1                ; 4 bits    ; 8 LEs         ; 4 LEs                ; 4 LEs                  ; Yes        ; |final_microprocessor|program_sequencer:prog_sequencer|loop_length_minus_1[2] ;
; 3:1                ; 4 bits    ; 8 LEs         ; 4 LEs                ; 4 LEs                  ; Yes        ; |final_microprocessor|program_sequencer:prog_sequencer|start_addr[3]          ;
; 3:1                ; 4 bits    ; 8 LEs         ; 4 LEs                ; 4 LEs                  ; Yes        ; |final_microprocessor|computational_unit:comp_unit|r[3]                       ;
; 4:1                ; 4 bits    ; 8 LEs         ; 8 LEs                ; 0 LEs                  ; Yes        ; |final_microprocessor|program_sequencer:prog_sequencer|loop_count[0]          ;
; 3:1                ; 4 bits    ; 8 LEs         ; 8 LEs                ; 0 LEs                  ; No         ; |final_microprocessor|program_sequencer:prog_sequencer|pm_addr                ;
; 4:1                ; 4 bits    ; 8 LEs         ; 8 LEs                ; 0 LEs                  ; No         ; |final_microprocessor|program_sequencer:prog_sequencer|pm_addr[5]             ;
; 5:1                ; 3 bits    ; 9 LEs         ; 9 LEs                ; 0 LEs                  ; No         ; |final_microprocessor|instruction_decoder:intr_decoder|source_sel[0]          ;
; 16:1               ; 4 bits    ; 40 LEs        ; 28 LEs               ; 12 LEs                 ; No         ; |final_microprocessor|computational_unit:comp_unit|Mux3                       ;
; 17:1               ; 3 bits    ; 33 LEs        ; 18 LEs               ; 15 LEs                 ; No         ; |final_microprocessor|computational_unit:comp_unit|alu_out[3]                 ;
+--------------------+-----------+---------------+----------------------+------------------------+------------+-------------------------------------------------------------------------------+


+------------------------------------------------------------------------------------------------------------+
; Source assignments for data_memory:data_mem|altsyncram:altsyncram_component|altsyncram_6vh1:auto_generated ;
+---------------------------------+--------------------+------+----------------------------------------------+
; Assignment                      ; Value              ; From ; To                                           ;
+---------------------------------+--------------------+------+----------------------------------------------+
; OPTIMIZE_POWER_DURING_SYNTHESIS ; NORMAL_COMPILATION ; -    ; -                                            ;
+---------------------------------+--------------------+------+----------------------------------------------+


+---------------------------------------------------------------------------------------------------------------+
; Source assignments for program_memory:prog_mem|altsyncram:altsyncram_component|altsyncram_uab1:auto_generated ;
+---------------------------------+--------------------+------+-------------------------------------------------+
; Assignment                      ; Value              ; From ; To                                              ;
+---------------------------------+--------------------+------+-------------------------------------------------+
; OPTIMIZE_POWER_DURING_SYNTHESIS ; NORMAL_COMPILATION ; -    ; -                                               ;
+---------------------------------+--------------------+------+-------------------------------------------------+


+---------------------------------------------------------------------------------------------------+
; Parameter Settings for User Entity Instance: data_memory:data_mem|altsyncram:altsyncram_component ;
+------------------------------------+----------------------+---------------------------------------+
; Parameter Name                     ; Value                ; Type                                  ;
+------------------------------------+----------------------+---------------------------------------+
; BYTE_SIZE_BLOCK                    ; 8                    ; Untyped                               ;
; AUTO_CARRY_CHAINS                  ; ON                   ; AUTO_CARRY                            ;
; IGNORE_CARRY_BUFFERS               ; OFF                  ; IGNORE_CARRY                          ;
; AUTO_CASCADE_CHAINS                ; ON                   ; AUTO_CASCADE                          ;
; IGNORE_CASCADE_BUFFERS             ; OFF                  ; IGNORE_CASCADE                        ;
; WIDTH_BYTEENA                      ; 1                    ; Untyped                               ;
; OPERATION_MODE                     ; SINGLE_PORT          ; Untyped                               ;
; WIDTH_A                            ; 4                    ; Signed Integer                        ;
; WIDTHAD_A                          ; 4                    ; Signed Integer                        ;
; NUMWORDS_A                         ; 16                   ; Signed Integer                        ;
; OUTDATA_REG_A                      ; UNREGISTERED         ; Untyped                               ;
; ADDRESS_ACLR_A                     ; NONE                 ; Untyped                               ;
; OUTDATA_ACLR_A                     ; NONE                 ; Untyped                               ;
; WRCONTROL_ACLR_A                   ; NONE                 ; Untyped                               ;
; INDATA_ACLR_A                      ; NONE                 ; Untyped                               ;
; BYTEENA_ACLR_A                     ; NONE                 ; Untyped                               ;
; WIDTH_B                            ; 1                    ; Untyped                               ;
; WIDTHAD_B                          ; 1                    ; Untyped                               ;
; NUMWORDS_B                         ; 1                    ; Untyped                               ;
; INDATA_REG_B                       ; CLOCK1               ; Untyped                               ;
; WRCONTROL_WRADDRESS_REG_B          ; CLOCK1               ; Untyped                               ;
; RDCONTROL_REG_B                    ; CLOCK1               ; Untyped                               ;
; ADDRESS_REG_B                      ; CLOCK1               ; Untyped                               ;
; OUTDATA_REG_B                      ; UNREGISTERED         ; Untyped                               ;
; BYTEENA_REG_B                      ; CLOCK1               ; Untyped                               ;
; INDATA_ACLR_B                      ; NONE                 ; Untyped                               ;
; WRCONTROL_ACLR_B                   ; NONE                 ; Untyped                               ;
; ADDRESS_ACLR_B                     ; NONE                 ; Untyped                               ;
; OUTDATA_ACLR_B                     ; NONE                 ; Untyped                               ;
; RDCONTROL_ACLR_B                   ; NONE                 ; Untyped                               ;
; BYTEENA_ACLR_B                     ; NONE                 ; Untyped                               ;
; WIDTH_BYTEENA_A                    ; 1                    ; Signed Integer                        ;
; WIDTH_BYTEENA_B                    ; 1                    ; Untyped                               ;
; RAM_BLOCK_TYPE                     ; M9K                  ; Untyped                               ;
; BYTE_SIZE                          ; 8                    ; Untyped                               ;
; READ_DURING_WRITE_MODE_MIXED_PORTS ; DONT_CARE            ; Untyped                               ;
; READ_DURING_WRITE_MODE_PORT_A      ; NEW_DATA_NO_NBE_READ ; Untyped                               ;
; READ_DURING_WRITE_MODE_PORT_B      ; NEW_DATA_NO_NBE_READ ; Untyped                               ;
; INIT_FILE                          ; UNUSED               ; Untyped                               ;
; INIT_FILE_LAYOUT                   ; PORT_A               ; Untyped                               ;
; MAXIMUM_DEPTH                      ; 0                    ; Untyped                               ;
; CLOCK_ENABLE_INPUT_A               ; BYPASS               ; Untyped                               ;
; CLOCK_ENABLE_INPUT_B               ; NORMAL               ; Untyped                               ;
; CLOCK_ENABLE_OUTPUT_A              ; BYPASS               ; Untyped                               ;
; CLOCK_ENABLE_OUTPUT_B              ; NORMAL               ; Untyped                               ;
; CLOCK_ENABLE_CORE_A                ; USE_INPUT_CLKEN      ; Untyped                               ;
; CLOCK_ENABLE_CORE_B                ; USE_INPUT_CLKEN      ; Untyped                               ;
; ENABLE_ECC                         ; FALSE                ; Untyped                               ;
; ECC_PIPELINE_STAGE_ENABLED         ; FALSE                ; Untyped                               ;
; WIDTH_ECCSTATUS                    ; 3                    ; Untyped                               ;
; DEVICE_FAMILY                      ; Cyclone IV E         ; Untyped                               ;
; CBXI_PARAMETER                     ; altsyncram_6vh1      ; Untyped                               ;
+------------------------------------+----------------------+---------------------------------------+
Note: In order to hide this table in the UI and the text report file, please set the "Show Parameter Settings in Synthesis Report" option in "Analysis and Synthesis Settings -> More Settings" to "Off".


+------------------------------------------------------------------------------------------------------+
; Parameter Settings for User Entity Instance: program_memory:prog_mem|altsyncram:altsyncram_component ;
+------------------------------------+-------------------------------+---------------------------------+
; Parameter Name                     ; Value                         ; Type                            ;
+------------------------------------+-------------------------------+---------------------------------+
; BYTE_SIZE_BLOCK                    ; 8                             ; Untyped                         ;
; AUTO_CARRY_CHAINS                  ; ON                            ; AUTO_CARRY                      ;
; IGNORE_CARRY_BUFFERS               ; OFF                           ; IGNORE_CARRY                    ;
; AUTO_CASCADE_CHAINS                ; ON                            ; AUTO_CASCADE                    ;
; IGNORE_CASCADE_BUFFERS             ; OFF                           ; IGNORE_CASCADE                  ;
; WIDTH_BYTEENA                      ; 1                             ; Untyped                         ;
; OPERATION_MODE                     ; ROM                           ; Untyped                         ;
; WIDTH_A                            ; 8                             ; Signed Integer                  ;
; WIDTHAD_A                          ; 8                             ; Signed Integer                  ;
; NUMWORDS_A                         ; 256                           ; Signed Integer                  ;
; OUTDATA_REG_A                      ; UNREGISTERED                  ; Untyped                         ;
; ADDRESS_ACLR_A                     ; NONE                          ; Untyped                         ;
; OUTDATA_ACLR_A                     ; NONE                          ; Untyped                         ;
; WRCONTROL_ACLR_A                   ; NONE                          ; Untyped                         ;
; INDATA_ACLR_A                      ; NONE                          ; Untyped                         ;
; BYTEENA_ACLR_A                     ; NONE                          ; Untyped                         ;
; WIDTH_B                            ; 1                             ; Untyped                         ;
; WIDTHAD_B                          ; 1                             ; Untyped                         ;
; NUMWORDS_B                         ; 1                             ; Untyped                         ;
; INDATA_REG_B                       ; CLOCK1                        ; Untyped                         ;
; WRCONTROL_WRADDRESS_REG_B          ; CLOCK1                        ; Untyped                         ;
; RDCONTROL_REG_B                    ; CLOCK1                        ; Untyped                         ;
; ADDRESS_REG_B                      ; CLOCK1                        ; Untyped                         ;
; OUTDATA_REG_B                      ; UNREGISTERED                  ; Untyped                         ;
; BYTEENA_REG_B                      ; CLOCK1                        ; Untyped                         ;
; INDATA_ACLR_B                      ; NONE                          ; Untyped                         ;
; WRCONTROL_ACLR_B                   ; NONE                          ; Untyped                         ;
; ADDRESS_ACLR_B                     ; NONE                          ; Untyped                         ;
; OUTDATA_ACLR_B                     ; NONE                          ; Untyped                         ;
; RDCONTROL_ACLR_B                   ; NONE                          ; Untyped                         ;
; BYTEENA_ACLR_B                     ; NONE                          ; Untyped                         ;
; WIDTH_BYTEENA_A                    ; 1                             ; Signed Integer                  ;
; WIDTH_BYTEENA_B                    ; 1                             ; Untyped                         ;
; RAM_BLOCK_TYPE                     ; AUTO                          ; Untyped                         ;
; BYTE_SIZE                          ; 8                             ; Untyped                         ;
; READ_DURING_WRITE_MODE_MIXED_PORTS ; DONT_CARE                     ; Untyped                         ;
; READ_DURING_WRITE_MODE_PORT_A      ; NEW_DATA_NO_NBE_READ          ; Untyped                         ;
; READ_DURING_WRITE_MODE_PORT_B      ; NEW_DATA_NO_NBE_READ          ; Untyped                         ;
; INIT_FILE                          ; HEX/CME341_2022_final_Q10.hex ; Untyped                         ;
; INIT_FILE_LAYOUT                   ; PORT_A                        ; Untyped                         ;
; MAXIMUM_DEPTH                      ; 0                             ; Untyped                         ;
; CLOCK_ENABLE_INPUT_A               ; BYPASS                        ; Untyped                         ;
; CLOCK_ENABLE_INPUT_B               ; NORMAL                        ; Untyped                         ;
; CLOCK_ENABLE_OUTPUT_A              ; BYPASS                        ; Untyped                         ;
; CLOCK_ENABLE_OUTPUT_B              ; NORMAL                        ; Untyped                         ;
; CLOCK_ENABLE_CORE_A                ; USE_INPUT_CLKEN               ; Untyped                         ;
; CLOCK_ENABLE_CORE_B                ; USE_INPUT_CLKEN               ; Untyped                         ;
; ENABLE_ECC                         ; FALSE                         ; Untyped                         ;
; ECC_PIPELINE_STAGE_ENABLED         ; FALSE                         ; Untyped                         ;
; WIDTH_ECCSTATUS                    ; 3                             ; Untyped                         ;
; DEVICE_FAMILY                      ; Cyclone IV E                  ; Untyped                         ;
; CBXI_PARAMETER                     ; altsyncram_uab1               ; Untyped                         ;
+------------------------------------+-------------------------------+---------------------------------+
Note: In order to hide this table in the UI and the text report file, please set the "Show Parameter Settings in Synthesis Report" option in "Analysis and Synthesis Settings -> More Settings" to "Off".


+----------------------------------------------------------------------------------------------+
; Parameter Settings for Inferred Entity Instance: computational_unit:comp_unit|lpm_mult:Mult0 ;
+------------------------------------------------+--------------+------------------------------+
; Parameter Name                                 ; Value        ; Type                         ;
+------------------------------------------------+--------------+------------------------------+
; AUTO_CARRY_CHAINS                              ; ON           ; AUTO_CARRY                   ;
; IGNORE_CARRY_BUFFERS                           ; OFF          ; IGNORE_CARRY                 ;
; AUTO_CASCADE_CHAINS                            ; ON           ; AUTO_CASCADE                 ;
; IGNORE_CASCADE_BUFFERS                         ; OFF          ; IGNORE_CASCADE               ;
; LPM_WIDTHA                                     ; 4            ; Untyped                      ;
; LPM_WIDTHB                                     ; 4            ; Untyped                      ;
; LPM_WIDTHP                                     ; 8            ; Untyped                      ;
; LPM_WIDTHR                                     ; 8            ; Untyped                      ;
; LPM_WIDTHS                                     ; 1            ; Untyped                      ;
; LPM_REPRESENTATION                             ; UNSIGNED     ; Untyped                      ;
; LPM_PIPELINE                                   ; 0            ; Untyped                      ;
; LATENCY                                        ; 0            ; Untyped                      ;
; INPUT_A_IS_CONSTANT                            ; NO           ; Untyped                      ;
; INPUT_B_IS_CONSTANT                            ; NO           ; Untyped                      ;
; USE_EAB                                        ; OFF          ; Untyped                      ;
; MAXIMIZE_SPEED                                 ; 5            ; Untyped                      ;
; DEVICE_FAMILY                                  ; Cyclone IV E ; Untyped                      ;
; CARRY_CHAIN                                    ; MANUAL       ; Untyped                      ;
; APEX20K_TECHNOLOGY_MAPPER                      ; LUT          ; TECH_MAPPER_APEX20K          ;
; DEDICATED_MULTIPLIER_CIRCUITRY                 ; AUTO         ; Untyped                      ;
; DEDICATED_MULTIPLIER_MIN_INPUT_WIDTH_FOR_AUTO  ; 0            ; Untyped                      ;
; DEDICATED_MULTIPLIER_MIN_OUTPUT_WIDTH_FOR_AUTO ; 0            ; Untyped                      ;
; CBXI_PARAMETER                                 ; mult_j8t     ; Untyped                      ;
; INPUT_A_FIXED_VALUE                            ; Bx           ; Untyped                      ;
; INPUT_B_FIXED_VALUE                            ; Bx           ; Untyped                      ;
; USE_AHDL_IMPLEMENTATION                        ; OFF          ; Untyped                      ;
+------------------------------------------------+--------------+------------------------------+
Note: In order to hide this table in the UI and the text report file, please set the "Show Parameter Settings in Synthesis Report" option in "Analysis and Synthesis Settings -> More Settings" to "Off".


+-----------------------------------------------------------------------------------------------------+
; altsyncram Parameter Settings by Entity Instance                                                    ;
+-------------------------------------------+---------------------------------------------------------+
; Name                                      ; Value                                                   ;
+-------------------------------------------+---------------------------------------------------------+
; Number of entity instances                ; 2                                                       ;
; Entity Instance                           ; data_memory:data_mem|altsyncram:altsyncram_component    ;
;     -- OPERATION_MODE                     ; SINGLE_PORT                                             ;
;     -- WIDTH_A                            ; 4                                                       ;
;     -- NUMWORDS_A                         ; 16                                                      ;
;     -- OUTDATA_REG_A                      ; UNREGISTERED                                            ;
;     -- WIDTH_B                            ; 1                                                       ;
;     -- NUMWORDS_B                         ; 1                                                       ;
;     -- ADDRESS_REG_B                      ; CLOCK1                                                  ;
;     -- OUTDATA_REG_B                      ; UNREGISTERED                                            ;
;     -- RAM_BLOCK_TYPE                     ; M9K                                                     ;
;     -- READ_DURING_WRITE_MODE_MIXED_PORTS ; DONT_CARE                                               ;
; Entity Instance                           ; program_memory:prog_mem|altsyncram:altsyncram_component ;
;     -- OPERATION_MODE                     ; ROM                                                     ;
;     -- WIDTH_A                            ; 8                                                       ;
;     -- NUMWORDS_A                         ; 256                                                     ;
;     -- OUTDATA_REG_A                      ; UNREGISTERED                                            ;
;     -- WIDTH_B                            ; 1                                                       ;
;     -- NUMWORDS_B                         ; 1                                                       ;
;     -- ADDRESS_REG_B                      ; CLOCK1                                                  ;
;     -- OUTDATA_REG_B                      ; UNREGISTERED                                            ;
;     -- RAM_BLOCK_TYPE                     ; AUTO                                                    ;
;     -- READ_DURING_WRITE_MODE_MIXED_PORTS ; DONT_CARE                                               ;
+-------------------------------------------+---------------------------------------------------------+


+-------------------------------------------------------------------------------------+
; lpm_mult Parameter Settings by Entity Instance                                      ;
+---------------------------------------+---------------------------------------------+
; Name                                  ; Value                                       ;
+---------------------------------------+---------------------------------------------+
; Number of entity instances            ; 1                                           ;
; Entity Instance                       ; computational_unit:comp_unit|lpm_mult:Mult0 ;
;     -- LPM_WIDTHA                     ; 4                                           ;
;     -- LPM_WIDTHB                     ; 4                                           ;
;     -- LPM_WIDTHP                     ; 8                                           ;
;     -- LPM_REPRESENTATION             ; UNSIGNED                                    ;
;     -- INPUT_A_IS_CONSTANT            ; NO                                          ;
;     -- INPUT_B_IS_CONSTANT            ; NO                                          ;
;     -- USE_EAB                        ; OFF                                         ;
;     -- DEDICATED_MULTIPLIER_CIRCUITRY ; AUTO                                        ;
;     -- INPUT_A_FIXED_VALUE            ; Bx                                          ;
;     -- INPUT_B_FIXED_VALUE            ; Bx                                          ;
+---------------------------------------+---------------------------------------------+


+-----------------------------------------------------+
; Post-Synthesis Netlist Statistics for Top Partition ;
+-----------------------+-----------------------------+
; Type                  ; Count                       ;
+-----------------------+-----------------------------+
; boundary_port         ; 128                         ;
; cycloneiii_ff         ; 62                          ;
;     ENA               ; 36                          ;
;     ENA SCLR          ; 3                           ;
;     ENA SLD           ; 4                           ;
;     SLD               ; 1                           ;
;     plain             ; 18                          ;
; cycloneiii_lcell_comb ; 211                         ;
;     arith             ; 31                          ;
;         2 data inputs ; 9                           ;
;         3 data inputs ; 22                          ;
;     normal            ; 180                         ;
;         0 data inputs ; 1                           ;
;         1 data inputs ; 3                           ;
;         2 data inputs ; 33                          ;
;         3 data inputs ; 21                          ;
;         4 data inputs ; 122                         ;
; cycloneiii_ram_block  ; 12                          ;
;                       ;                             ;
; Max LUT depth         ; 10.00                       ;
; Average LUT depth     ; 5.82                        ;
+-----------------------+-----------------------------+


+-------------------------------+
; Elapsed Time Per Partition    ;
+----------------+--------------+
; Partition Name ; Elapsed Time ;
+----------------+--------------+
; Top            ; 00:00:00     ;
+----------------+--------------+


+-------------------------------+
; Analysis & Synthesis Messages ;
+-------------------------------+
Info: *******************************************************************
Info: Running Quartus Prime Analysis & Synthesis
    Info: Version 20.1.1 Build 720 11/11/2020 SJ Standard Edition
    Info: Processing started: Thu Dec 15 12:10:54 2022
Info: Command: quartus_map --read_settings_files=on --write_settings_files=off final_microprocessor -c final_microprocessor
Warning (18236): Number of processors has not been specified which may cause overloading on shared machines.  Set the global assignment NUM_PARALLEL_PROCESSORS in your QSF to an appropriate value for best performance.
Info (20030): Parallel compilation is enabled and will use 8 of the 8 processors detected
Info (12021): Found 1 design units, including 1 entities, in source file program_sequencer.v
    Info (12023): Found entity 1: program_sequencer File: /home/shm392/engr-ece/CME341/SOULTION FINAL 22/program_sequencer.v Line: 1
Info (12021): Found 1 design units, including 1 entities, in source file program_memory.v
    Info (12023): Found entity 1: program_memory File: /home/shm392/engr-ece/CME341/SOULTION FINAL 22/program_memory.v Line: 40
Info (12021): Found 1 design units, including 1 entities, in source file instruction_decoder.v
    Info (12023): Found entity 1: instruction_decoder File: /home/shm392/engr-ece/CME341/SOULTION FINAL 22/instruction_decoder.v Line: 1
Info (12021): Found 1 design units, including 1 entities, in source file final_microprocessor.v
    Info (12023): Found entity 1: final_microprocessor File: /home/shm392/engr-ece/CME341/SOULTION FINAL 22/final_microprocessor.v Line: 1
Info (12021): Found 1 design units, including 1 entities, in source file data_memory.v
    Info (12023): Found entity 1: data_memory File: /home/shm392/engr-ece/CME341/SOULTION FINAL 22/data_memory.v Line: 40
Info (12021): Found 1 design units, including 1 entities, in source file computational_unit.v
    Info (12023): Found entity 1: computational_unit File: /home/shm392/engr-ece/CME341/SOULTION FINAL 22/computational_unit.v Line: 1
Info (12127): Elaborating entity "final_microprocessor" for the top level hierarchy
Warning (10034): Output port "data_mem_addr" at final_microprocessor.v(14) has no driver File: /home/shm392/engr-ece/CME341/SOULTION FINAL 22/final_microprocessor.v Line: 14
Info (12128): Elaborating entity "program_sequencer" for hierarchy "program_sequencer:prog_sequencer" File: /home/shm392/engr-ece/CME341/SOULTION FINAL 22/final_microprocessor.v Line: 45
Warning (10230): Verilog HDL assignment warning at program_sequencer.v(67): truncated value with size 32 to match size of target (4) File: /home/shm392/engr-ece/CME341/SOULTION FINAL 22/program_sequencer.v Line: 67
Info (12128): Elaborating entity "computational_unit" for hierarchy "computational_unit:comp_unit" File: /home/shm392/engr-ece/CME341/SOULTION FINAL 22/final_microprocessor.v Line: 79
Info (12128): Elaborating entity "instruction_decoder" for hierarchy "instruction_decoder:intr_decoder" File: /home/shm392/engr-ece/CME341/SOULTION FINAL 22/final_microprocessor.v Line: 105
Info (12128): Elaborating entity "data_memory" for hierarchy "data_memory:data_mem" File: /home/shm392/engr-ece/CME341/SOULTION FINAL 22/final_microprocessor.v Line: 115
Info (12128): Elaborating entity "altsyncram" for hierarchy "data_memory:data_mem|altsyncram:altsyncram_component" File: /home/shm392/engr-ece/CME341/SOULTION FINAL 22/data_memory.v Line: 88
Info (12130): Elaborated megafunction instantiation "data_memory:data_mem|altsyncram:altsyncram_component" File: /home/shm392/engr-ece/CME341/SOULTION FINAL 22/data_memory.v Line: 88
Info (12133): Instantiated megafunction "data_memory:data_mem|altsyncram:altsyncram_component" with the following parameter: File: /home/shm392/engr-ece/CME341/SOULTION FINAL 22/data_memory.v Line: 88
    Info (12134): Parameter "clock_enable_input_a" = "BYPASS"
    Info (12134): Parameter "clock_enable_output_a" = "BYPASS"
    Info (12134): Parameter "intended_device_family" = "Cyclone IV E"
    Info (12134): Parameter "lpm_hint" = "ENABLE_RUNTIME_MOD=NO"
    Info (12134): Parameter "lpm_type" = "altsyncram"
    Info (12134): Parameter "numwords_a" = "16"
    Info (12134): Parameter "operation_mode" = "SINGLE_PORT"
    Info (12134): Parameter "outdata_aclr_a" = "NONE"
    Info (12134): Parameter "outdata_reg_a" = "UNREGISTERED"
    Info (12134): Parameter "power_up_uninitialized" = "FALSE"
    Info (12134): Parameter "ram_block_type" = "M9K"
    Info (12134): Parameter "read_during_write_mode_port_a" = "NEW_DATA_NO_NBE_READ"
    Info (12134): Parameter "widthad_a" = "4"
    Info (12134): Parameter "width_a" = "4"
    Info (12134): Parameter "width_byteena_a" = "1"
Info (12021): Found 1 design units, including 1 entities, in source file db/altsyncram_6vh1.tdf
    Info (12023): Found entity 1: altsyncram_6vh1 File: /home/shm392/engr-ece/CME341/SOULTION FINAL 22/db/altsyncram_6vh1.tdf Line: 28
Info (12128): Elaborating entity "altsyncram_6vh1" for hierarchy "data_memory:data_mem|altsyncram:altsyncram_component|altsyncram_6vh1:auto_generated" File: /opt/intelFPGA/20.1.1/quartus/libraries/megafunctions/altsyncram.tdf Line: 792
Info (12128): Elaborating entity "program_memory" for hierarchy "program_memory:prog_mem" File: /home/shm392/engr-ece/CME341/SOULTION FINAL 22/final_microprocessor.v Line: 122
Info (12128): Elaborating entity "altsyncram" for hierarchy "program_memory:prog_mem|altsyncram:altsyncram_component" File: /home/shm392/engr-ece/CME341/SOULTION FINAL 22/program_memory.v Line: 82
Info (12130): Elaborated megafunction instantiation "program_memory:prog_mem|altsyncram:altsyncram_component" File: /home/shm392/engr-ece/CME341/SOULTION FINAL 22/program_memory.v Line: 82
Info (12133): Instantiated megafunction "program_memory:prog_mem|altsyncram:altsyncram_component" with the following parameter: File: /home/shm392/engr-ece/CME341/SOULTION FINAL 22/program_memory.v Line: 82
    Info (12134): Parameter "address_aclr_a" = "NONE"
    Info (12134): Parameter "clock_enable_input_a" = "BYPASS"
    Info (12134): Parameter "clock_enable_output_a" = "BYPASS"
    Info (12134): Parameter "init_file" = "HEX/CME341_2022_final_Q10.hex"
    Info (12134): Parameter "intended_device_family" = "Cyclone IV E"
    Info (12134): Parameter "lpm_hint" = "ENABLE_RUNTIME_MOD=NO"
    Info (12134): Parameter "lpm_type" = "altsyncram"
    Info (12134): Parameter "numwords_a" = "256"
    Info (12134): Parameter "operation_mode" = "ROM"
    Info (12134): Parameter "outdata_aclr_a" = "NONE"
    Info (12134): Parameter "outdata_reg_a" = "UNREGISTERED"
    Info (12134): Parameter "widthad_a" = "8"
    Info (12134): Parameter "width_a" = "8"
    Info (12134): Parameter "width_byteena_a" = "1"
Info (12021): Found 1 design units, including 1 entities, in source file db/altsyncram_uab1.tdf
    Info (12023): Found entity 1: altsyncram_uab1 File: /home/shm392/engr-ece/CME341/SOULTION FINAL 22/db/altsyncram_uab1.tdf Line: 28
Info (12128): Elaborating entity "altsyncram_uab1" for hierarchy "program_memory:prog_mem|altsyncram:altsyncram_component|altsyncram_uab1:auto_generated" File: /opt/intelFPGA/20.1.1/quartus/libraries/megafunctions/altsyncram.tdf Line: 792
Info (278001): Inferred 1 megafunctions from design logic
    Info (278003): Inferred multiplier megafunction ("lpm_mult") from the following logic: "computational_unit:comp_unit|Mult0" File: /home/shm392/engr-ece/CME341/SOULTION FINAL 22/computational_unit.v Line: 117
Info (12130): Elaborated megafunction instantiation "computational_unit:comp_unit|lpm_mult:Mult0" File: /home/shm392/engr-ece/CME341/SOULTION FINAL 22/computational_unit.v Line: 117
Info (12133): Instantiated megafunction "computational_unit:comp_unit|lpm_mult:Mult0" with the following parameter: File: /home/shm392/engr-ece/CME341/SOULTION FINAL 22/computational_unit.v Line: 117
    Info (12134): Parameter "LPM_WIDTHA" = "4"
    Info (12134): Parameter "LPM_WIDTHB" = "4"
    Info (12134): Parameter "LPM_WIDTHP" = "8"
    Info (12134): Parameter "LPM_WIDTHR" = "8"
    Info (12134): Parameter "LPM_WIDTHS" = "1"
    Info (12134): Parameter "LPM_REPRESENTATION" = "UNSIGNED"
    Info (12134): Parameter "INPUT_A_IS_CONSTANT" = "NO"
    Info (12134): Parameter "INPUT_B_IS_CONSTANT" = "NO"
    Info (12134): Parameter "MAXIMIZE_SPEED" = "5"
Info (12021): Found 1 design units, including 1 entities, in source file db/mult_j8t.tdf
    Info (12023): Found entity 1: mult_j8t File: /home/shm392/engr-ece/CME341/SOULTION FINAL 22/db/mult_j8t.tdf Line: 29
Warning (14284): Synthesized away the following node(s):
    Warning (14285): Synthesized away the following LCELL buffer node(s):
        Warning (14320): Synthesized away node "computational_unit:comp_unit|lpm_mult:Mult0|mult_j8t:auto_generated|le5a[4]" File: /home/shm392/engr-ece/CME341/SOULTION FINAL 22/db/mult_j8t.tdf Line: 43
Info (13014): Ignored 48 buffer(s)
    Info (13016): Ignored 4 CARRY_SUM buffer(s)
    Info (13019): Ignored 44 SOFT buffer(s)
Warning (13024): Output pins are stuck at VCC or GND
    Warning (13410): Pin "from_PS[4]" is stuck at GND File: /home/shm392/engr-ece/CME341/SOULTION FINAL 22/final_microprocessor.v Line: 7
    Warning (13410): Pin "from_PS[5]" is stuck at GND File: /home/shm392/engr-ece/CME341/SOULTION FINAL 22/final_microprocessor.v Line: 7
    Warning (13410): Pin "from_PS[6]" is stuck at GND File: /home/shm392/engr-ece/CME341/SOULTION FINAL 22/final_microprocessor.v Line: 7
    Warning (13410): Pin "from_PS[7]" is stuck at GND File: /home/shm392/engr-ece/CME341/SOULTION FINAL 22/final_microprocessor.v Line: 7
    Warning (13410): Pin "from_ID[0]" is stuck at GND File: /home/shm392/engr-ece/CME341/SOULTION FINAL 22/final_microprocessor.v Line: 7
    Warning (13410): Pin "from_ID[1]" is stuck at GND File: /home/shm392/engr-ece/CME341/SOULTION FINAL 22/final_microprocessor.v Line: 7
    Warning (13410): Pin "from_ID[2]" is stuck at GND File: /home/shm392/engr-ece/CME341/SOULTION FINAL 22/final_microprocessor.v Line: 7
    Warning (13410): Pin "from_ID[3]" is stuck at GND File: /home/shm392/engr-ece/CME341/SOULTION FINAL 22/final_microprocessor.v Line: 7
    Warning (13410): Pin "from_ID[4]" is stuck at GND File: /home/shm392/engr-ece/CME341/SOULTION FINAL 22/final_microprocessor.v Line: 7
    Warning (13410): Pin "from_ID[5]" is stuck at GND File: /home/shm392/engr-ece/CME341/SOULTION FINAL 22/final_microprocessor.v Line: 7
    Warning (13410): Pin "from_ID[6]" is stuck at GND File: /home/shm392/engr-ece/CME341/SOULTION FINAL 22/final_microprocessor.v Line: 7
    Warning (13410): Pin "from_ID[7]" is stuck at GND File: /home/shm392/engr-ece/CME341/SOULTION FINAL 22/final_microprocessor.v Line: 7
    Warning (13410): Pin "from_CU[0]" is stuck at GND File: /home/shm392/engr-ece/CME341/SOULTION FINAL 22/final_microprocessor.v Line: 10
    Warning (13410): Pin "from_CU[1]" is stuck at GND File: /home/shm392/engr-ece/CME341/SOULTION FINAL 22/final_microprocessor.v Line: 10
    Warning (13410): Pin "from_CU[2]" is stuck at GND File: /home/shm392/engr-ece/CME341/SOULTION FINAL 22/final_microprocessor.v Line: 10
    Warning (13410): Pin "from_CU[3]" is stuck at GND File: /home/shm392/engr-ece/CME341/SOULTION FINAL 22/final_microprocessor.v Line: 10
    Warning (13410): Pin "from_CU[4]" is stuck at GND File: /home/shm392/engr-ece/CME341/SOULTION FINAL 22/final_microprocessor.v Line: 10
    Warning (13410): Pin "from_CU[5]" is stuck at GND File: /home/shm392/engr-ece/CME341/SOULTION FINAL 22/final_microprocessor.v Line: 10
    Warning (13410): Pin "from_CU[6]" is stuck at GND File: /home/shm392/engr-ece/CME341/SOULTION FINAL 22/final_microprocessor.v Line: 10
    Warning (13410): Pin "from_CU[7]" is stuck at GND File: /home/shm392/engr-ece/CME341/SOULTION FINAL 22/final_microprocessor.v Line: 10
    Warning (13410): Pin "data_mem_addr[0]" is stuck at GND File: /home/shm392/engr-ece/CME341/SOULTION FINAL 22/final_microprocessor.v Line: 14
    Warning (13410): Pin "data_mem_addr[1]" is stuck at GND File: /home/shm392/engr-ece/CME341/SOULTION FINAL 22/final_microprocessor.v Line: 14
    Warning (13410): Pin "data_mem_addr[2]" is stuck at GND File: /home/shm392/engr-ece/CME341/SOULTION FINAL 22/final_microprocessor.v Line: 14
    Warning (13410): Pin "data_mem_addr[3]" is stuck at GND File: /home/shm392/engr-ece/CME341/SOULTION FINAL 22/final_microprocessor.v Line: 14
Info (286030): Timing-Driven Synthesis is running
Info (16010): Generating hard_block partition "hard_block:auto_generated_inst"
    Info (16011): Adding 0 node(s), including 0 DDIO, 0 PLL, 0 transceiver and 0 LCELL
Info (21057): Implemented 390 device resources after synthesis - the final resource count might be different
    Info (21058): Implemented 6 input pins
    Info (21059): Implemented 122 output pins
    Info (21061): Implemented 250 logic cells
    Info (21064): Implemented 12 RAM segments
Info: Quartus Prime Analysis & Synthesis was successful. 0 errors, 31 warnings
    Info: Peak virtual memory: 725 megabytes
    Info: Processing ended: Thu Dec 15 12:11:00 2022
    Info: Elapsed time: 00:00:06
    Info: Total CPU time (on all processors): 00:00:17


